Build started 11/14/2014 1:03:40 PM.
     1>Project "C:\Users\Ben\Documents\GitHub\b2dsfml\SFML\src\SFML\Network\sfml-network.vcxproj" on node 4 (Build target(s)).
     1>C:\Program Files (x86)\MSBuild\12.0\bin\Microsoft.Common.CurrentVersion.targets(1430,5): warning : The referenced project 'C:/Users/Ben/Documents/GitHub/bhsfml/bhsfml/bhsfml/SFML/ZERO_CHECK.vcxproj' does not exist.
     1>C:\Program Files (x86)\MSBuild\12.0\bin\Microsoft.Common.CurrentVersion.targets(1430,5): warning : The referenced project 'C:/Users/Ben/Documents/GitHub/bhsfml/bhsfml/bhsfml/SFML/src/SFML/System/sfml-system.vcxproj' does not exist.
     1>C:\Program Files (x86)\MSBuild\Microsoft.Cpp\v4.0\V120\Microsoft.CppBuild.targets(357,5): warning MSB8004: Output Directory does not end with a trailing slash.  This build instance will add the slash as it is required to allow proper evaluation of the Output Directory.
     1>CustomBuild:
         Building Custom Rule C:/Users/Ben/Documents/GitHub/SFML-2.1/src/SFML/Network/CMakeLists.txt
         CMake is re-running because C:\Users\Ben\Documents\GitHub\bhsfml\bhsfml\bhsfml\SFML\src\SFML\Network\CMakeFiles\generate.stamp dependency file is missing.
         CMake Error at cmake/Config.cmake:13 (message):
           Unsupported architecture
         Call Stack (most recent call first):
           CMakeLists.txt:20 (include)
         
         
         -- Configuring incomplete, errors occurred!
         See also "C:/Users/Ben/Documents/GitHub/bhsfml/bhsfml/bhsfml/SFML/CMakeFiles/CMakeOutput.log".
         See also "C:/Users/Ben/Documents/GitHub/bhsfml/bhsfml/bhsfml/SFML/CMakeFiles/CMakeError.log".
     1>C:\Program Files (x86)\MSBuild\Microsoft.Cpp\v4.0\V120\Microsoft.CppCommon.targets(170,5): error MSB6006: "cmd.exe" exited with code 1.
     1>Done Building Project "C:\Users\Ben\Documents\GitHub\b2dsfml\SFML\src\SFML\Network\sfml-network.vcxproj" (Build target(s)) -- FAILED.

Build FAILED.

Time Elapsed 00:00:00.08
